# JRE version: OpenJDK Runtime Environment (8.0_242-b01) (build 1.8.0_242-release-1644-b01)
# Java VM: OpenJDK 64-Bit Server VM (25.242-b01 mixed mode windows-amd64 compressed oops)
Heap:
 PSYoungGen      total 332288K, used 95718K [0x00000000d5580000, 0x00000000f1400000, 0x0000000100000000)
  eden space 285696K, 33% used [0x00000000d5580000,0x00000000db2f9ad0,0x00000000e6c80000)
  from space 46592K, 0% used [0x00000000e9880000,0x00000000e9880000,0x00000000ec600000)
  to   space 45056K, 0% used [0x00000000e6c80000,0x00000000e6c80000,0x00000000e9880000)
 ParOldGen       total 287744K, used 74661K [0x0000000080000000, 0x0000000091900000, 0x00000000d5580000)
  object space 287744K, 25% used [0x0000000080000000,0x00000000848e94c0,0x0000000091900000)
 Metaspace       used 96041K, capacity 101344K, committed 101928K, reserved 1136640K
  class space    used 12890K, capacity 14016K, committed 14144K, reserved 1048576K
GC Heap History (10 events):
Event: 2050.089 GC heap before
{Heap before GC invocations=16 (full 3):
 PSYoungGen      total 257536K, used 257506K [0x00000000d5580000, 0x00000000e7180000, 0x0000000100000000)
  eden space 235520K, 100% used [0x00000000d5580000,0x00000000e3b80000,0x00000000e3b80000)
  from space 22016K, 99% used [0x00000000e5800000,0x00000000e6d789e0,0x00000000e6d80000)
  to   space 27648K, 0% used [0x00000000e3b80000,0x00000000e3b80000,0x00000000e5680000)
 ParOldGen       total 209408K, used 41130K [0x0000000080000000, 0x000000008cc80000, 0x00000000d5580000)
  object space 209408K, 19% used [0x0000000080000000,0x000000008282ab48,0x000000008cc80000)
 Metaspace       used 78874K, capacity 82674K, committed 82840K, reserved 1120256K
  class space    used 10419K, capacity 11098K, committed 11184K, reserved 1048576K
Event: 2050.109 GC heap after
Heap after GC invocations=16 (full 3):
 PSYoungGen      total 263168K, used 27644K [0x00000000d5580000, 0x00000000e9e00000, 0x0000000100000000)
  eden space 235520K, 0% used [0x00000000d5580000,0x00000000d5580000,0x00000000e3b80000)
  from space 27648K, 99% used [0x00000000e3b80000,0x00000000e567f110,0x00000000e5680000)
  to   space 34304K, 0% used [0x00000000e7c80000,0x00000000e7c80000,0x00000000e9e00000)
 ParOldGen       total 209408K, used 48516K [0x0000000080000000, 0x000000008cc80000, 0x00000000d5580000)
  object space 209408K, 23% used [0x0000000080000000,0x0000000082f61048,0x000000008cc80000)
 Metaspace       used 78874K, capacity 82674K, committed 82840K, reserved 1120256K
  class space    used 10419K, capacity 11098K, committed 11184K, reserved 1048576K
}
Event: 2077.316 GC heap before
{Heap before GC invocations=17 (full 3):
 PSYoungGen      total 263168K, used 263164K [0x00000000d5580000, 0x00000000e9e00000, 0x0000000100000000)
  eden space 235520K, 100% used [0x00000000d5580000,0x00000000e3b80000,0x00000000e3b80000)
  from space 27648K, 99% used [0x00000000e3b80000,0x00000000e567f110,0x00000000e5680000)
  to   space 34304K, 0% used [0x00000000e7c80000,0x00000000e7c80000,0x00000000e9e00000)
 ParOldGen       total 209408K, used 48516K [0x0000000080000000, 0x000000008cc80000, 0x00000000d5580000)
  object space 209408K, 23% used [0x0000000080000000,0x0000000082f610e8,0x000000008cc80000)
 Metaspace       used 87231K, capacity 91590K, committed 91672K, reserved 1128448K
  class space    used 11505K, capacity 12331K, committed 12336K, reserved 1048576K
Event: 2077.365 GC heap after
Heap after GC invocations=17 (full 3):
 PSYoungGen      total 251904K, used 22596K [0x00000000d5580000, 0x00000000e9300000, 0x0000000100000000)
  eden space 228864K, 0% used [0x00000000d5580000,0x00000000d5580000,0x00000000e3500000)
  from space 23040K, 98% used [0x00000000e7c80000,0x00000000e9291000,0x00000000e9300000)
  to   space 34816K, 0% used [0x00000000e4f00000,0x00000000e4f00000,0x00000000e7100000)
 ParOldGen       total 209408K, used 64001K [0x0000000080000000, 0x000000008cc80000, 0x00000000d5580000)
  object space 209408K, 30% used [0x0000000080000000,0x0000000083e805f8,0x000000008cc80000)
 Metaspace       used 87231K, capacity 91590K, committed 91672K, reserved 1128448K
  class space    used 11505K, capacity 12331K, committed 12336K, reserved 1048576K
}
Event: 2078.006 GC heap before
{Heap before GC invocations=18 (full 3):
 PSYoungGen      total 251904K, used 251460K [0x00000000d5580000, 0x00000000e9300000, 0x0000000100000000)
  eden space 228864K, 100% used [0x00000000d5580000,0x00000000e3500000,0x00000000e3500000)
  from space 23040K, 98% used [0x00000000e7c80000,0x00000000e9291000,0x00000000e9300000)
  to   space 34816K, 0% used [0x00000000e4f00000,0x00000000e4f00000,0x00000000e7100000)
 ParOldGen       total 209408K, used 64003K [0x0000000080000000, 0x000000008cc80000, 0x00000000d5580000)
  object space 209408K, 30% used [0x0000000080000000,0x0000000083e80d90,0x000000008cc80000)
 Metaspace       used 91211K, capacity 96568K, committed 96792K, reserved 1132544K
  class space    used 12137K, capacity 13104K, committed 13104K, reserved 1048576K
Event: 2078.051 GC heap after
Heap after GC invocations=18 (full 3):
 PSYoungGen      total 290304K, used 34803K [0x00000000d5580000, 0x00000000ec600000, 0x0000000100000000)
  eden space 255488K, 0% used [0x00000000d5580000,0x00000000d5580000,0x00000000e4f00000)
  from space 34816K, 99% used [0x00000000e4f00000,0x00000000e70fcc48,0x00000000e7100000)
  to   space 46592K, 0% used [0x00000000e9880000,0x00000000e9880000,0x00000000ec600000)
 ParOldGen       total 209408K, used 82835K [0x0000000080000000, 0x000000008cc80000, 0x00000000d5580000)
  object space 209408K, 39% used [0x0000000080000000,0x00000000850e4c98,0x000000008cc80000)
 Metaspace       used 91211K, capacity 96568K, committed 96792K, reserved 1132544K
  class space    used 12137K, capacity 13104K, committed 13104K, reserved 1048576K
}
Event: 2078.160 GC heap before
{Heap before GC invocations=19 (full 3):
 PSYoungGen      total 290304K, used 51288K [0x00000000d5580000, 0x00000000ec600000, 0x0000000100000000)
  eden space 255488K, 6% used [0x00000000d5580000,0x00000000d6599510,0x00000000e4f00000)
  from space 34816K, 99% used [0x00000000e4f00000,0x00000000e70fcc48,0x00000000e7100000)
  to   space 46592K, 0% used [0x00000000e9880000,0x00000000e9880000,0x00000000ec600000)
 ParOldGen       total 209408K, used 82835K [0x0000000080000000, 0x000000008cc80000, 0x00000000d5580000)
  object space 209408K, 39% used [0x0000000080000000,0x00000000850e4c98,0x000000008cc80000)
 Metaspace       used 92786K, capacity 98448K, committed 98600K, reserved 1134592K
  class space    used 12473K, capacity 13632K, committed 13632K, reserved 1048576K
Event: 2078.204 GC heap after
Heap after GC invocations=19 (full 3):
 PSYoungGen      total 332288K, used 22892K [0x00000000d5580000, 0x00000000f1400000, 0x0000000100000000)
  eden space 285696K, 0% used [0x00000000d5580000,0x00000000d5580000,0x00000000e6c80000)
  from space 46592K, 49% used [0x00000000e9880000,0x00000000eaedb040,0x00000000ec600000)
  to   space 45056K, 0% used [0x00000000e6c80000,0x00000000e6c80000,0x00000000e9880000)
 ParOldGen       total 209408K, used 97746K [0x0000000080000000, 0x000000008cc80000, 0x00000000d5580000)
  object space 209408K, 46% used [0x0000000080000000,0x0000000085f74b20,0x000000008cc80000)
 Metaspace       used 92786K, capacity 98448K, committed 98600K, reserved 1134592K
  class space    used 12473K, capacity 13632K, committed 13632K, reserved 1048576K
}
Event: 2078.204 GC heap before
{Heap before GC invocations=20 (full 4):
 PSYoungGen      total 332288K, used 22892K [0x00000000d5580000, 0x00000000f1400000, 0x0000000100000000)
  eden space 285696K, 0% used [0x00000000d5580000,0x00000000d5580000,0x00000000e6c80000)
  from space 46592K, 49% used [0x00000000e9880000,0x00000000eaedb040,0x00000000ec600000)
  to   space 45056K, 0% used [0x00000000e6c80000,0x00000000e6c80000,0x00000000e9880000)
 ParOldGen       total 209408K, used 97746K [0x0000000080000000, 0x000000008cc80000, 0x00000000d5580000)
  object space 209408K, 46% used [0x0000000080000000,0x0000000085f74b20,0x000000008cc80000)
 Metaspace       used 92786K, capacity 98448K, committed 98600K, reserved 1134592K
  class space    used 12473K, capacity 13632K, committed 13632K, reserved 1048576K
Event: 2078.416 GC heap after
Heap after GC invocations=20 (full 4):
 PSYoungGen      total 332288K, used 0K [0x00000000d5580000, 0x00000000f1400000, 0x0000000100000000)
  eden space 285696K, 0% used [0x00000000d5580000,0x00000000d5580000,0x00000000e6c80000)
  from space 46592K, 0% used [0x00000000e9880000,0x00000000e9880000,0x00000000ec600000)
  to   space 45056K, 0% used [0x00000000e6c80000,0x00000000e6c80000,0x00000000e9880000)
 ParOldGen       total 287744K, used 74661K [0x0000000080000000, 0x0000000091900000, 0x00000000d5580000)
  object space 287744K, 25% used [0x0000000080000000,0x00000000848e94c0,0x0000000091900000)
 Metaspace       used 91462K, capacity 95378K, committed 98600K, reserved 1134592K
  class space    used 12022K, capacity 12823K, committed 13632K, reserved 1048576K
}

